[    0.000000] Initializing cgroup subsys cpuset
[    0.000000] Initializing cgroup subsys cpu
[    0.000000] Initializing cgroup subsys cpuacct
[    0.000000] Linux version 4.4.0-193-generic (buildd@lcy01-amd64-010) (gcc version 5.4.0 20160609 (Ubuntu 5.4.0-6ubuntu1~16.04.12) ) #224-Ubuntu SMP Tue Oct 6 17:16:25 UTC 2020 (Ubuntu 4.4.0-193.224-generic 4.4.236)
[    0.000000] KERNEL supported cpus:
[    0.000000]   Intel GenuineIntel
[    0.000000]   AMD AuthenticAMD
[    0.000000]   NSC Geode by NSC
[    0.000000]   Cyrix CyrixInstead
[    0.000000]   Centaur CentaurHauls
[    0.000000]   Transmeta GenuineTMx86
[    0.000000]   Transmeta TransmetaCPU
[    0.000000]   UMC UMC UMC UMC
[    0.000000] x86/fpu: xstate_offset[2]:  576, xstate_sizes[2]:  256
[    0.000000] x86/fpu: Supporting XSAVE feature 0x01: 'x87 floating point registers'
[    0.000000] x86/fpu: Supporting XSAVE feature 0x02: 'SSE registers'
[    0.000000] x86/fpu: Supporting XSAVE feature 0x04: 'AVX registers'
[    0.000000] x86/fpu: Enabled xstate features 0x7, context size is 832 bytes, using 'standard' format.
[    0.000000] e820: BIOS-provided physical RAM map:
[    0.000000] BIOS-e820: [mem 0x0000000000000000-0x000000000009fbff] usable
[    0.000000] BIOS-e820: [mem 0x000000000009fc00-0x000000000009ffff] reserved
[    0.000000] BIOS-e820: [mem 0x00000000000f0000-0x00000000000fffff] reserved
[    0.000000] BIOS-e820: [mem 0x0000000000100000-0x000000003ffeffff] usable
[    0.000000] BIOS-e820: [mem 0x000000003fff0000-0x000000003fffffff] ACPI data
[    0.000000] BIOS-e820: [mem 0x00000000fec00000-0x00000000fec00fff] reserved
[    0.000000] BIOS-e820: [mem 0x00000000fee00000-0x00000000fee00fff] reserved
[    0.000000] BIOS-e820: [mem 0x00000000fffc0000-0x00000000ffffffff] reserved
[    0.000000] NX (Execute Disable) protection: active
[    0.000000] SMBIOS 2.5 present.
[    0.000000] Hypervisor detected: KVM
[    0.000000] e820: last_pfn = 0x3fff0 max_arch_pfn = 0x1000000
[    0.000000] MTRR: Disabled
[    0.000000] x86/PAT: MTRRs disabled, skipping PAT initialization too.
[    0.000000] CPU MTRRs all blank - virtualized system.
[    0.000000] x86/PAT: Configuration [0-7]: WB  WT  UC- UC  WB  WT  UC- UC  
[    0.000000] found SMP MP-table at [mem 0x0009fff0-0x0009ffff] mapped at [c009fff0]
[    0.000000] Scanning 1 areas for low memory corruption
[    0.000000] RAMDISK: [mem 0x362e8000-0x3716bfff]
[    0.000000] ACPI: Early table checksum verification disabled
[    0.000000] ACPI: RSDP 0x00000000000E0000 000024 (v02 VBOX  )
[    0.000000] ACPI: XSDT 0x000000003FFF0030 00003C (v01 VBOX   VBOXXSDT 00000001 ASL  00000061)
[    0.000000] ACPI: FACP 0x000000003FFF00F0 0000F4 (v04 VBOX   VBOXFACP 00000001 ASL  00000061)
[    0.000000] ACPI: DSDT 0x000000003FFF0470 002325 (v02 VBOX   VBOXBIOS 00000002 INTL 20100528)
[    0.000000] ACPI: FACS 0x000000003FFF0200 000040
[    0.000000] ACPI: FACS 0x000000003FFF0200 000040
[    0.000000] ACPI: APIC 0x000000003FFF0240 000054 (v02 VBOX   VBOXAPIC 00000001 ASL  00000061)
[    0.000000] ACPI: SSDT 0x000000003FFF02A0 0001CC (v01 VBOX   VBOXCPUT 00000002 INTL 20100528)
[    0.000000] 131MB HIGHMEM available.
[    0.000000] 891MB LOWMEM available.
[    0.000000]   mapped low ram: 0 - 37bfe000
[    0.000000]   low ram: 0 - 37bfe000
[    0.000000] kvm-clock: Using msrs 4b564d01 and 4b564d00
[    0.000000] kvm-clock: cpu 0, msr 0:37bfd001, primary cpu clock
[    0.000000] kvm-clock: using sched offset of 4654801806 cycles
[    0.000000] clocksource: kvm-clock: mask: 0xffffffffffffffff max_cycles: 0x1cd42e4dffb, max_idle_ns: 881590591483 ns
[    0.000000] Zone ranges:
[    0.000000]   DMA      [mem 0x0000000000001000-0x0000000000ffffff]
[    0.000000]   Normal   [mem 0x0000000001000000-0x0000000037bfdfff]
[    0.000000]   HighMem  [mem 0x0000000037bfe000-0x000000003ffeffff]
[    0.000000] Movable zone start for each node
[    0.000000] Early memory node ranges
[    0.000000]   node   0: [mem 0x0000000000001000-0x000000000009efff]
[    0.000000]   node   0: [mem 0x0000000000100000-0x000000003ffeffff]
[    0.000000] Initmem setup node 0 [mem 0x0000000000001000-0x000000003ffeffff]
[    0.000000] Using APIC driver default
[    0.000000] ACPI: PM-Timer IO Port: 0x4008
[    0.000000] IOAPIC[0]: apic_id 1, version 32, address 0xfec00000, GSI 0-23
[    0.000000] ACPI: INT_SRC_OVR (bus 0 bus_irq 0 global_irq 2 dfl dfl)
[    0.000000] ACPI: INT_SRC_OVR (bus 0 bus_irq 9 global_irq 9 low level)
[    0.000000] Using ACPI (MADT) for SMP configuration information
[    0.000000] smpboot: Allowing 1 CPUs, 0 hotplug CPUs
[    0.000000] PM: Registered nosave memory: [mem 0x00000000-0x00000fff]
[    0.000000] PM: Registered nosave memory: [mem 0x0009f000-0x0009ffff]
[    0.000000] PM: Registered nosave memory: [mem 0x000a0000-0x000effff]
[    0.000000] PM: Registered nosave memory: [mem 0x000f0000-0x000fffff]
[    0.000000] e820: [mem 0x40000000-0xfebfffff] available for PCI devices
[    0.000000] Booting paravirtualized kernel on KVM
[    0.000000] clocksource: refined-jiffies: mask: 0xffffffff max_cycles: 0xffffffff, max_idle_ns: 7645519600211568 ns
[    0.000000] setup_percpu: NR_CPUS:8 nr_cpumask_bits:8 nr_cpu_ids:1 nr_node_ids:1
[    0.000000] PERCPU: Embedded 18 pages/cpu @f71c4000 s43276 r0 d30452 u73728
[    0.000000] Built 1 zonelists in Zone order, mobility grouping on.  Total pages: 259800
[    0.000000] Kernel command line: BOOT_IMAGE=/boot/vmlinuz-4.4.0-193-generic root=UUID=3059b1b4-3ab6-4575-9a25-39d08322de28 ro console=tty1 console=ttyS0
[    0.000000] PID hash table entries: 4096 (order: 2, 16384 bytes)
[    0.000000] Dentry cache hash table entries: 131072 (order: 7, 524288 bytes)
[    0.000000] Inode-cache hash table entries: 65536 (order: 6, 262144 bytes)
[    0.000000] Initializing CPU#0
[    0.000000] Initializing HighMem for node 0 (00037bfe:0003fff0)
[    0.000000] Initializing Movable for node 0 (00000000:00000000)
[    0.000000] Memory: 1007904K/1048120K available (8149K kernel code, 790K rwdata, 3212K rodata, 940K init, 788K bss, 40216K reserved, 0K cma-reserved, 135112K highmem)
[    0.000000] virtual kernel memory layout:
[    0.000000]     fixmap  : 0xfff15000 - 0xfffff000   ( 936 kB)
[    0.000000]     pkmap   : 0xffc00000 - 0xffe00000   (2048 kB)
[    0.000000]     vmalloc : 0xf83fe000 - 0xffbfe000   ( 120 MB)
[    0.000000]     lowmem  : 0xc0000000 - 0xf7bfe000   ( 891 MB)
[    0.000000]       .init : 0xc1be1000 - 0xc1ccc000   ( 940 kB)
[    0.000000]       .data : 0xc17f5838 - 0xc1bdfac0   (4008 kB)
[    0.000000]       .text : 0xc1000000 - 0xc17f5838   (8150 kB)
[    0.000000] Checking if this processor honours the WP bit even in supervisor mode...Ok.
[    0.000000] SLUB: HWalign=64, Order=0-3, MinObjects=0, CPUs=1, Nodes=1
[    0.000000] Hierarchical RCU implementation.
[    0.000000] 	Build-time adjustment of leaf fanout to 32.
[    0.000000] 	RCU restricting CPUs from NR_CPUS=8 to nr_cpu_ids=1.
[    0.000000] RCU: Adjusting geometry for rcu_fanout_leaf=32, nr_cpu_ids=1
[    0.000000] NR_IRQS:2304 nr_irqs:256 16
[    0.000000] Console: colour VGA+ 80x25
[    0.000000] console [tty1] enabled
[    0.000000] console [ttyS0] enabled
[    0.000000] allocated 1048576 bytes of page_ext
[    0.000000] tsc: Detected 3500.016 MHz processor
[    0.271667] Calibrating delay loop (skipped) preset value.. 7000.03 BogoMIPS (lpj=14000064)
[    0.274717] pid_max: default: 32768 minimum: 301
[    0.276787] ACPI: Core revision 20150930
[    0.282043] ACPI: 2 ACPI AML tables successfully acquired and loaded
[    0.284107] Security Framework initialized
[    0.285368] Yama: becoming mindful.
[    0.286533] AppArmor: AppArmor initialized
[    0.287899] Mount-cache hash table entries: 2048 (order: 1, 8192 bytes)
[    0.290091] Mountpoint-cache hash table entries: 2048 (order: 1, 8192 bytes)
[    0.292206] Initializing cgroup subsys io
[    0.293470] Initializing cgroup subsys memory
[    0.295008] Initializing cgroup subsys devices
[    0.296404] Initializing cgroup subsys freezer
[    0.297823] Initializing cgroup subsys net_cls
[    0.299286] Initializing cgroup subsys perf_event
[    0.300699] Initializing cgroup subsys net_prio
[    0.302441] Initializing cgroup subsys hugetlb
[    0.303872] Initializing cgroup subsys pids
[    0.307451] mce: CPU supports 0 MCE banks
[    0.308809] process: using mwait in idle threads
[    0.310251] Last level iTLB entries: 4KB 1024, 2MB 1024, 4MB 1024
[    0.311984] Last level dTLB entries: 4KB 1024, 2MB 1024, 4MB 1024, 1GB 4
[    0.313775] Spectre V1 : Mitigation: usercopy/swapgs barriers and __user pointer sanitization
[    0.317094] Spectre V2 : Mitigation: Full generic retpoline
[    0.319178] Spectre V2 : Spectre v2 / SpectreRSB mitigation: Filling RSB on context switch
[    0.321690] Speculative Store Bypass: Vulnerable
[    0.323103] SRBDS: Unknown: Dependent on hypervisor status
[    0.324868] MDS: Mitigation: Clear CPU buffers
[    0.368089] Freeing SMP alternatives memory: 36K
[    0.379649] ftrace: allocating 31633 entries in 62 pages
[    0.511645] smpboot: APIC(0) Converting physical 0 to logical package 0
[    0.513515] smpboot: Max logical packages: 1
[    0.515008] Enabling APIC mode:  Flat.  Using 1 I/O APICs
[    0.519759] ..TIMER: vector=0x30 apic1=0 pin1=2 apic2=-1 pin2=-1
[    0.629771] smpboot: CPU0: Intel(R) Core(TM) i5-4690K CPU @ 3.50GHz (family: 0x6, model: 0x3c, stepping: 0x3)
[    0.633016] Performance Events: unsupported p6 CPU model 60 no PMU driver, software events only.
[    0.645738] KVM setup paravirtual spinlock
[    0.647933] x86: Booted up 1 node, 1 CPUs
[    0.649659] smpboot: Total of 1 processors activated (7000.03 BogoMIPS)
[    0.652684] devtmpfs: initialized
[    0.654176] evm: security.selinux
[    0.655315] evm: security.SMACK64
[    0.656441] evm: security.SMACK64EXEC
[    0.657655] evm: security.SMACK64TRANSMUTE
[    0.659132] evm: security.SMACK64MMAP
[    0.660319] evm: security.ima
[    0.661365] evm: security.capability
[    0.663023] clocksource: jiffies: mask: 0xffffffff max_cycles: 0xffffffff, max_idle_ns: 7645041785100000 ns
[    0.666788] futex hash table entries: 256 (order: 2, 16384 bytes)
[    0.668758] pinctrl core: initialized pinctrl subsystem
[    0.670485] RTC time: 22:31:21, date: 01/16/21
[    0.672141] NET: Registered protocol family 16
[    0.673941] EISA bus registered
[    0.675848] cpuidle: using governor ladder
[    0.677223] cpuidle: using governor menu
[    0.678813] PCCT header not found.
[    0.680448] ACPI: bus type PCI registered
[    0.681789] acpiphp: ACPI Hot Plug PCI Controller Driver version: 0.5
[    0.683920] PCI : PCI BIOS area is rw and x. Use pci=nobios if you want it NX.
[    0.686410] PCI: PCI BIOS revision 2.10 entry at 0xfda26, last bus=0
[    0.688138] PCI: Using configuration type 1 for base access
[    0.692679] ACPI: Added _OSI(Module Device)
[    0.694072] ACPI: Added _OSI(Processor Device)
[    0.695445] ACPI: Added _OSI(3.0 _SCP Extensions)
[    0.696925] ACPI: Added _OSI(Processor Aggregator Device)
[    0.699825] ACPI: Executed 1 blocks of module-level executable AML code
[    0.706970] ACPI: Interpreter enabled
[    0.708556] ACPI: (supports S0 S5)
[    0.709974] ACPI: Using IOAPIC for interrupt routing
[    0.711797] PCI: Using host bridge windows from ACPI; if necessary, use "pci=nocrs" and report a bug
[    0.743802] ACPI: PCI Root Bridge [PCI0] (domain 0000 [bus 00-ff])
[    0.746131] acpi PNP0A03:00: _OSC: OS supports [ASPM ClockPM Segments MSI]
[    0.748392] acpi PNP0A03:00: _OSC: not requesting OS control; OS requires [ExtendedConfig ASPM ClockPM MSI]
[    0.751253] acpi PNP0A03:00: fail to add MMCONFIG information, can't access extended PCI configuration space under this bridge.
[    0.755211] PCI host bridge to bus 0000:00
[    0.756857] pci_bus 0000:00: root bus resource [io  0x0000-0x0cf7 window]
[    0.759504] pci_bus 0000:00: root bus resource [io  0x0d00-0xffff window]
[    0.761418] pci_bus 0000:00: root bus resource [mem 0x000a0000-0x000bffff window]
[    0.763806] pci_bus 0000:00: root bus resource [mem 0x40000000-0xfdffffff window]
[    0.766265] pci_bus 0000:00: root bus resource [bus 00-ff]
[    0.770449] pci 0000:00:01.1: legacy IDE quirk: reg 0x10: [io  0x01f0-0x01f7]
[    0.772362] pci 0000:00:01.1: legacy IDE quirk: reg 0x14: [io  0x03f6]
[    0.774395] pci 0000:00:01.1: legacy IDE quirk: reg 0x18: [io  0x0170-0x0177]
[    0.776446] pci 0000:00:01.1: legacy IDE quirk: reg 0x1c: [io  0x0376]
[    0.790667] pci 0000:00:07.0: quirk: [io  0x4000-0x403f] claimed by PIIX4 ACPI
[    0.792992] pci 0000:00:07.0: quirk: [io  0x4100-0x410f] claimed by PIIX4 SMB
[    0.803364] ACPI: PCI Interrupt Link [LNKA] (IRQs 5 9 10 *11)
[    0.806199] ACPI: PCI Interrupt Link [LNKB] (IRQs 5 9 *10 11)
[    0.808766] ACPI: PCI Interrupt Link [LNKC] (IRQs 5 *9 10 11)
[    0.811201] ACPI: PCI Interrupt Link [LNKD] (IRQs 5 9 10 *11)
[    0.813848] ACPI: Enabled 2 GPEs in block 00 to 07
[    0.815814] vgaarb: setting as boot device: PCI:0000:00:02.0
[    0.817396] vgaarb: device added: PCI:0000:00:02.0,decodes=io+mem,owns=io+mem,locks=none
[    0.820063] vgaarb: loaded
[    0.821035] vgaarb: bridge control possible 0000:00:02.0
[    0.823271] SCSI subsystem initialized
[    0.824644] ACPI: bus type USB registered
[    0.826007] usbcore: registered new interface driver usbfs
[    0.827653] usbcore: registered new interface driver hub
[    0.829401] usbcore: registered new device driver usb
[    0.831238] PCI: Using ACPI for IRQ routing
[    0.833053] NetLabel: Initializing
[    0.834220] NetLabel:  domain hash size = 128
[    0.835895] NetLabel:  protocols = UNLABELED CIPSOv4
[    0.837640] NetLabel:  unlabeled traffic allowed by default
[    0.839595] amd_nb: Cannot enumerate AMD northbridges
[    0.841772] clocksource: Switched to clocksource kvm-clock
[    0.856779] AppArmor: AppArmor Filesystem Enabled
[    0.858506] pnp: PnP ACPI init
[    0.861182] pnp: PnP ACPI: found 3 devices
[    0.863080] PnPBIOS: Disabled by ACPI PNP
[    0.902969] clocksource: acpi_pm: mask: 0xffffff max_cycles: 0xffffff, max_idle_ns: 2085701024 ns
[    0.908510] NET: Registered protocol family 2
[    0.910350] TCP established hash table entries: 8192 (order: 3, 32768 bytes)
[    0.912500] TCP bind hash table entries: 8192 (order: 4, 65536 bytes)
[    0.918425] TCP: Hash tables configured (established 8192 bind 8192)
[    0.923321] UDP hash table entries: 512 (order: 2, 16384 bytes)
[    0.926972] UDP-Lite hash table entries: 512 (order: 2, 16384 bytes)
[    0.931209] NET: Registered protocol family 1
[    0.935264] pci 0000:00:00.0: Limiting direct PCI/PCI transfers
[    0.943675] pci 0000:00:01.0: Activating ISA DMA hang workarounds
[    0.947579] Unpacking initramfs...
[    1.399568] Freeing initrd memory: 14864K
[    1.400994] RAPL PMU detected, API unit is 2^-32 Joules, 4 fixed counters 10737418240 ms ovfl timer
[    1.403775] hw unit of domain pp0-core 2^-0 Joules
[    1.405507] hw unit of domain package 2^-0 Joules
[    1.407146] hw unit of domain dram 2^-0 Joules
[    1.408777] hw unit of domain pp1-gpu 2^-0 Joules
[    1.410196] clocksource: tsc: mask: 0xffffffffffffffff max_cycles: 0x32736064041, max_idle_ns: 440795291486 ns
[    1.413159] platform rtc_cmos: registered platform RTC device (no PNP device found)
[    1.415698] Scanning for low memory corruption every 60 seconds
[    1.417979] audit: initializing netlink subsys (disabled)
[    1.419592] audit: type=2000 audit(1610836287.919:1): initialized
[    1.421691] Initialise system trusted keyring
[    1.423389] HugeTLB registered 2 MB page size, pre-allocated 0 pages
[    1.427636] zbud: loaded
[    1.428872] VFS: Disk quotas dquot_6.6.0
[    1.430213] VFS: Dquot-cache hash table entries: 1024 (order 0, 4096 bytes)
[    1.432440] squashfs: version 4.0 (2009/01/31) Phillip Lougher
[    1.435827] fuse init (API version 7.23)
[    1.437681] Key type big_key registered
[    1.439253] Allocating IMA MOK and blacklist keyrings.
[    1.441472] Key type asymmetric registered
[    1.443035] Asymmetric key parser 'x509' registered
[    1.444493] bounce: pool size: 64 pages
[    1.449423] Block layer SCSI generic (bsg) driver version 0.4 loaded (major 249)
[    1.451875] io scheduler noop registered
[    1.453122] io scheduler deadline registered (default)
[    1.454829] io scheduler cfq registered
[    1.456219] pci_hotplug: PCI Hot Plug PCI Core version: 0.5
[    1.457802] pciehp: PCI Express Hot Plug Controller Driver version: 0.4
[    1.459814] ACPI: AC Adapter [AC] (on-line)
[    1.461186] input: Power Button as /devices/LNXSYSTM:00/LNXPWRBN:00/input/input0
[    1.463922] ACPI: Power Button [PWRF]
[    1.465326] input: Sleep Button as /devices/LNXSYSTM:00/LNXSLPBN:00/input/input1
[    1.467820] ACPI: Sleep Button [SLPF]
[    1.469340] GHES: HEST is not enabled!
[    1.470798] isapnp: Scanning for PnP cards...
[    1.478072] Serial: 8250/16550 driver, 32 ports, IRQ sharing enabled
[    1.502374] 00:02: ttyS0 at I/O 0x3f8 (irq = 4, base_baud = 115200) is a 16550A
[    1.555374] Linux agpgart interface v0.103
[    1.559048] loop: module loaded
[    1.561238] scsi host0: ata_piix
[    1.562598] scsi host1: ata_piix
[    1.564121] ata1: PATA max UDMA/33 cmd 0x1f0 ctl 0x3f6 bmdma 0xd000 irq 14
[    1.566399] ata2: PATA max UDMA/33 cmd 0x170 ctl 0x376 bmdma 0xd008 irq 15
[    1.619446] libphy: Fixed MDIO Bus: probed
[    1.620807] tun: Universal TUN/TAP device driver, 1.6
[    1.622648] tun: (C) 1999-2004 Max Krasnyansky <maxk@qualcomm.com>
[    1.624266] PPP generic driver version 2.4.2
[    1.625957] ehci_hcd: USB 2.0 'Enhanced' Host Controller (EHCI) Driver
[    1.627819] ehci-pci: EHCI PCI platform driver
[    1.629339] ehci-platform: EHCI generic platform driver
[    1.630937] ohci_hcd: USB 1.1 'Open' Host Controller (OHCI) Driver
[    1.632718] ohci-pci: OHCI PCI platform driver
[    1.634601] ohci-platform: OHCI generic platform driver
[    1.636964] uhci_hcd: USB Universal Host Controller Interface driver
[    1.639443] i8042: PNP: PS/2 Controller [PNP0303:PS2K,PNP0f03:PS2M] at 0x60,0x64 irq 1,12
[    1.642812] serio: i8042 KBD port at 0x60,0x64 irq 1
[    1.644326] serio: i8042 AUX port at 0x60,0x64 irq 12
[    1.646253] mousedev: PS/2 mouse device common for all mice
[    1.648406] input: AT Translated Set 2 keyboard as /devices/platform/i8042/serio0/input/input2
[    1.652982] rtc_cmos rtc_cmos: rtc core: registered rtc_cmos as rtc0
[    1.656189] rtc_cmos rtc_cmos: alarms up to one day, 114 bytes nvram
[    1.657992] i2c /dev entries driver
[    1.659253] device-mapper: uevent: version 1.0.3
[    1.660782] device-mapper: ioctl: 4.34.0-ioctl (2015-10-28) initialised: dm-devel@redhat.com
[    1.663519] platform eisa.0: Probing EISA bus 0
[    1.666105] platform eisa.0: EISA: Cannot allocate resource for mainboard
[    1.668397] platform eisa.0: Cannot allocate resource for EISA slot 1
[    1.670574] platform eisa.0: Cannot allocate resource for EISA slot 2
[    1.672327] platform eisa.0: Cannot allocate resource for EISA slot 3
[    1.719974] platform eisa.0: Cannot allocate resource for EISA slot 4
[    1.721738] platform eisa.0: Cannot allocate resource for EISA slot 5
[    1.723620] platform eisa.0: Cannot allocate resource for EISA slot 6
[    1.725453] platform eisa.0: Cannot allocate resource for EISA slot 7
[    1.727331] platform eisa.0: Cannot allocate resource for EISA slot 8
[    1.729388] platform eisa.0: EISA: Detected 0 cards
[    1.730987] cpufreq-nforce2: No nForce2 chipset.
[    1.732409] ledtrig-cpu: registered to indicate activity on CPUs
[    1.735227] NET: Registered protocol family 10
[    1.737109] NET: Registered protocol family 17
[    1.738920] Key type dns_resolver registered
[    1.740844] Using IPI No-Shortcut mode
[    1.742792] registered taskstats version 1
[    1.744471] Loading compiled-in X.509 certificates
[    1.749071] Loaded X.509 cert 'Build time autogenerated kernel key: c265e848ecf3d25c67812b682f97637f5e6c266b'
[    1.752573] zswap: loaded using pool lzo/zbud
[    1.830133] Key type trusted registered
[    1.836530] Key type encrypted registered
[    1.838150] AppArmor: AppArmor sha1 policy hashing enabled
[    1.839803] ima: No TPM chip found, activating TPM-bypass!
[    1.841434] ima: Allocated hash algorithm: sha1
[    1.842936] evm: HMAC attrs: 0x1
[    1.844476]   Magic number: 5:982:552
[    1.845806] tty ttyS28: hash matches
[    1.847028] acpi PNP0C0F:03: hash matches
[    1.848361] rtc_cmos rtc_cmos: setting system clock to 2021-01-16 22:31:22 UTC (1610836282)
[    1.851876] BIOS EDD facility v0.16 2004-Jun-25, 0 devices found
[    1.853631] EDD information not available.
[    2.047348] isapnp: No Plug & Play device found
[    2.050603] Freeing unused kernel memory: 940K
[    2.053007] Write protecting the kernel text: 8152k
[    2.054687] Write protecting the kernel read-only data: 3216k
[    2.056635] NX-protecting the kernel data: 6184k
Loading, please wait...
starting version 229
[    2.076711] random: systemd-udevd: uninitialized urandom read (16 bytes read, 2 bits of entropy available)
[    2.081321] random: udevadm: uninitialized urandom read (16 bytes read, 2 bits of entropy available)
[    2.084422] random: systemd-udevd: uninitialized urandom read (16 bytes read, 2 bits of entropy available)
[    2.142905] random: systemd-udevd: uninitialized urandom read (16 bytes read, 2 bits of entropy available)
[    2.159703] random: udevadm: uninitialized urandom read (16 bytes read, 2 bits of entropy available)
[    2.168302] random: udevadm: uninitialized urandom read (16 bytes read, 2 bits of entropy available)
[    2.176357] random: udevadm: uninitialized urandom read (16 bytes read, 2 bits of entropy available)
[    2.179160] random: udevadm: uninitialized urandom read (16 bytes read, 2 bits of entropy available)
[    2.188395] random: udevadm: uninitialized urandom read (16 bytes read, 2 bits of entropy available)
[    2.194213] random: udevadm: uninitialized urandom read (16 bytes read, 2 bits of entropy available)
[    2.335490] e1000: Intel(R) PRO/1000 Network Driver - version 7.3.21-k8-NAPI
[    2.339220] e1000: Copyright (c) 1999-2006 Intel Corporation.
[    2.347622] Fusion MPT base driver 3.04.20
[    2.349875] Copyright (c) 1999-2008 LSI Corporation
[    2.362933] [drm] Initialized drm 1.1.0 20060810
[    2.449778] Fusion MPT SPI Host driver 3.04.20
[    2.562788] input: ImExPS/2 Generic Explorer Mouse as /devices/platform/i8042/serio1/input/input4
[    2.587863] vboxvideo: loading out-of-tree module taints kernel.
[    2.589685] vboxvideo: module verification failed: signature and/or required key missing - tainting kernel
[    2.933750] e1000 0000:00:03.0 eth0: (PCI:33MHz:32-bit) 02:91:1c:c5:d1:c2
[    2.936423] e1000 0000:00:03.0 eth0: Intel(R) PRO/1000 Network Connection
[    2.939918] mptbase: ioc0: Initiating bringup
[    3.002221] ioc0: LSI53C1030 A0: Capabilities={Initiator}
[    3.163932] scsi host2: ioc0: LSI53C1030 A0, FwRev=00000000h, Ports=1, MaxQ=256, IRQ=20
[    3.279466] [drm] VRAM 01000000
[    3.281160] scsi 2:0:0:0: Direct-Access     VBOX     HARDDISK         1.0  PQ: 0 ANSI: 5
[    3.283922] scsi target2:0:0: Beginning Domain Validation
[    3.286292] [TTM] Zone  kernel: Available graphics memory: 444316 kiB
[    3.288270] [TTM] Zone highmem: Available graphics memory: 511872 kiB
[    3.290726] [TTM] Initializing pool allocator
[    3.292409] [TTM] Initializing DMA pool allocator
[    3.295414] scsi target2:0:0: Domain Validation skipping write tests
[    3.297368] scsi target2:0:0: Ending Domain Validation
[    3.302284] scsi target2:0:0: asynchronous
[    3.304614] fbcon: vboxdrmfb (fb0) is primary device
[    3.316056] scsi 2:0:1:0: Direct-Access     VBOX     HARDDISK         1.0  PQ: 0 ANSI: 5
[    3.316062] scsi target2:0:1: Beginning Domain Validation
[    3.322337] Console: switching to colour frame buffer device 100x37
[    3.333469] vboxvideo 0000:00:02.0: fb0: vboxdrmfb frame buffer device
[    3.334975] [drm] Initialized vboxvideo 1.0.0 20130823 for 0000:00:02.0 on minor 0
[    3.337793] scsi target2:0:1: Domain Validation skipping write tests
[    3.339343] scsi target2:0:1: Ending Domain Validation
[    3.342380] scsi target2:0:1: asynchronous
[    3.349917] sd 2:0:0:0: Attached scsi generic sg0 type 0
[    3.350844] sd 2:0:0:0: [sda] 20971520 512-byte logical blocks: (10.7 GB/10.0 GiB)
[    3.355402] sd 2:0:1:0: [sdb] 20480 512-byte logical blocks: (10.5 MB/10.0 MiB)
[    3.357010] sd 2:0:1:0: Attached scsi generic sg1 type 0
[    3.359339] sd 2:0:1:0: [sdb] Write Protect is off
[    3.361207] sd 2:0:1:0: [sdb] Incomplete mode parameter data
[    3.363311] sd 2:0:1:0: [sdb] Assuming drive cache: write through
[    3.365669] sd 2:0:0:0: [sda] Write Protect is off
[    3.368009] sd 2:0:0:0: [sda] Incomplete mode parameter data
[    3.370842] sd 2:0:0:0: [sda] Assuming drive cache: write through
[    3.413510]  sda: sda1
[    3.421233] sd 2:0:1:0: [sdb] Attached SCSI disk
[    3.429463] sd 2:0:0:0: [sda] Attached SCSI disk
[    3.798945] e1000 0000:00:08.0 eth1: (PCI:33MHz:32-bit) 08:00:27:36:37:51
[    3.801902] e1000 0000:00:08.0 eth1: Intel(R) PRO/1000 Network Connection
[    3.806117] e1000 0000:00:08.0 enp0s8: renamed from eth1
[    3.811893] e1000 0000:00:03.0 enp0s3: renamed from eth0
Begin: Loading essential drivers ... [    3.985096] md: linear personality registered for level -1
[    3.995184] md: multipath personality registered for level -4
[    4.003563] md: raid0 personality registered for level 0
[    4.015687] md: raid1 personality registered for level 1
[    4.098302] raid6: mmxx1    gen()  1836 MB/s
[    4.165861] raid6: mmxx2    gen()  2619 MB/s
[    4.233969] raid6: sse1x1   gen()  1526 MB/s
[    4.302681] raid6: sse1x2   gen()  2751 MB/s
[    4.369904] raid6: sse2x1   gen()  3193 MB/s
[    4.438202] raid6: sse2x1   xor()  1735 MB/s
[    4.506013] raid6: sse2x2   gen()  5998 MB/s
[    4.576306] raid6: sse2x2   xor()  2697 MB/s
[    4.646182] raid6: avx2x1   gen()  5099 MB/s
[    4.718121] raid6: avx2x2   gen() 11165 MB/s
[    4.721441] raid6: using algorithm avx2x2 gen() 11165 MB/s
[    4.724795] raid6: using avx2x1 recovery algorithm
[    4.733185] xor: automatically using best checksumming function:
[    4.778042]    avx       : 21042.000 MB/sec
[    4.785348] async_tx: api initialized (async)
[    4.818766] md: raid6 personality registered for level 6
[    4.821616] md: raid5 personality registered for level 5
[    4.824586] md: raid4 personality registered for level 4
[    4.837970] md: raid10 personality registered for level 10
done.
Begin: Running /scripts/init-premount ... done.
Begin: Mounting root file system ... Begin: Running /scripts/local-top ... done.
Begin: Running /scripts/local-premount ... [    4.911960] Btrfs loaded
Scanning for Btrfs filesystems
done.
Warning: fsck not present, so skipping root file system
[    4.962315] EXT4-fs (sda1): INFO: recovery required on readonly filesystem
[    4.965452] EXT4-fs (sda1): write access will be enabled during recovery
[    5.120654] EXT4-fs (sda1): orphan cleanup on readonly fs
[    5.123185] EXT4-fs (sda1): 6 orphan inodes deleted
[    5.125945] EXT4-fs (sda1): 1 truncate cleaned up
[    5.129268] EXT4-fs (sda1): recovery complete
[    5.132526] EXT4-fs (sda1): mounted filesystem with ordered data mode. Opts: (null)
done.
Begin: Running /scripts/local-bottom ... done.
Begin: Running /scripts/init-bottom ... done.
[    5.858603] random: nonblocking pool is initialized
[    5.992599] systemd[1]: systemd 229 running in system mode. (+PAM +AUDIT +SELINUX +IMA +APPARMOR +SMACK +SYSVINIT +UTMP +LIBCRYPTSETUP +GCRYPT +GNUTLS +ACL +XZ -LZ4 +SECCOMP +BLKID +ELFUTILS +KMOD -IDN)
[    6.007443] systemd[1]: Detected virtualization oracle.
[    6.010892] systemd[1]: Detected architecture x86.

Welcome to [1mUbuntu 16.04.7 LTS[0m!

[    6.060936] systemd[1]: Set hostname to <webproje>.
[    7.551857] systemd[1]: Created slice User and Session Slice.
[[0;32m  OK  [0m] Created slice User and Session Slice.
[    7.556653] systemd[1]: Started Forward Password Requests to Wall Directory Watch.
[[0;32m  OK  [0m] Started Forward Password Requests to Wall Directory Watch.
[    7.562271] systemd[1]: Listening on /dev/initctl Compatibility Named Pipe.
[[0;32m  OK  [0m] Listening on /dev/initctl Compatibility Named Pipe.
[    7.566295] systemd[1]: Listening on Syslog Socket.
[[0;32m  OK  [0m] Listening on Syslog Socket.
[    7.571252] systemd[1]: Reached target User and Group Name Lookups.
[[0;32m  OK  [0m] Reached target User and Group Name Lookups.
[    7.577817] systemd[1]: Listening on LVM2 metadata daemon socket.
[[0;32m  OK  [0m] Listening on LVM2 metadata daemon socket.
[    7.583039] systemd[1]: Listening on Device-mapper event daemon FIFOs.
[[0;32m  OK  [0m] Listening on Device-mapper event daemon FIFOs.
[    7.588331] systemd[1]: Created slice System Slice.
[[0;32m  OK  [0m] Created slice System Slice.
[    7.591696] systemd[1]: Reached target Slices.
[[0;32m  OK  [0m] Reached target Slices.
[    7.597026] systemd[1]: Started Trigger resolvconf update for networkd DNS.
[[0;32m  OK  [0m] Started Trigger resolvconf update for networkd DNS.
[    7.602887] systemd[1]: Listening on udev Kernel Socket.
[[0;32m  OK  [0m] Listening on udev Kernel Socket.
[    7.607790] systemd[1]: Reached target Swap.
[[0;32m  OK  [0m] Reached target Swap.
[    7.612361] systemd[1]: Set up automount Arbitrary Executable File Formats File System Automount Point.
[[0;32m  OK  [0m] Set up automount Arbitrary Executab...ats File System Automount Point.
[    7.619394] systemd[1]: Reached target System Time Synchronized.
[[0;32m  OK  [0m] Reached target System Time Synchronized.
[    7.624063] systemd[1]: Listening on Journal Audit Socket.
[[0;32m  OK  [0m] Listening on Journal Audit Socket.
[    7.628999] systemd[1]: Listening on LVM2 poll daemon socket.
[[0;32m  OK  [0m] Listening on LVM2 poll daemon socket.
[    7.633859] systemd[1]: Listening on Journal Socket (/dev/log).
[[0;32m  OK  [0m] Listening on Journal Socket (/dev/log).
[    7.639137] systemd[1]: Listening on udev Control Socket.
[[0;32m  OK  [0m] Listening on udev Control Socket.
[    7.643378] systemd[1]: Reached target Encrypted Volumes.
[[0;32m  OK  [0m] Reached target Encrypted Volumes.
[    7.648063] systemd[1]: Created slice system-serial\x2dgetty.slice.
[[0;32m  OK  [0m] Created slice system-serial\x2dgetty.slice.
[    7.653758] systemd[1]: Listening on Journal Socket.
[[0;32m  OK  [0m] Listening on Journal Socket.
[    7.660598] systemd[1]: Starting Load Kernel Modules...
         Starting Load Kernel Modules...
[    7.668900] systemd[1]: Mounting Huge Pages File System...
         Mounting Huge Pages File System...
[    7.675016] systemd[1]: Starting Remount Root and Kernel File Systems...
         Starting Remount Root and Kernel File Systems...
[    7.682055] systemd[1]: Starting Create list of required static device nodes for the current kernel...
         Starting Create list of required st... nodes for the current kernel...
[    7.691198] systemd[1]: Starting Set console keymap...
         Starting Set console keymap...
[    7.697635] systemd[1]: Starting Monitoring of LVM2 mirrors, snapshots etc. using dmeventd or progress polling...
         Starting Monitoring of LVM2 mirrors... dmeventd or progress polling...
[    7.711980] systemd[1]: Starting Journal Service...
         Starting Journal Service...
[    7.723743] systemd[1]: Mounting Debug File System...
         Mounting Debug File System...
[    7.733893] systemd[1]: Starting Uncomplicated firewall...
         Starting Uncomplicated firewall...
[    7.769683] Loading iSCSI transport class v2.0-870.
[    7.774603] systemd[1]: Mounting POSIX Message Queue File System...
         Mounting POSIX Message Queue File System...
[    7.783608] systemd[1]: Starting Nameserver information manager...
         Starting Nameserver information manager...
[    7.868212] systemd[1]: Started Uncomplicated firewall.
[[0;32m  OK  [0m] Started Uncomplicated firewall.
[    7.883827] systemd[1]: Started Create list of required static device nodes for the current kernel.
[[0;32m  OK  [0m] Started Create list of required sta...ce nodes for the current kernel.
[    7.896839] systemd[1]: Starting Create Static Device Nodes in /dev...
         Starting Create Static Device Nodes in /dev...
[    7.917070] iscsi: registered transport (tcp)
[    7.943466] systemd[1]: Mounted POSIX Message Queue File System.
[    7.949768] EXT4-fs (sda1): re-mounted. Opts: (null)
[[0;32m  OK  [0m] Mounted POSIX Message Queue File System.
[    7.957885] systemd[1]: Mounted Huge Pages File System.
[[0;32m  OK  [0m] Mounted Huge Pages File System.
[    7.966131] systemd[1]: Mounted Debug File System.
[[0;32m  OK  [0m] Mounted Debug File System.
[    7.972484] systemd[1]: Started Remount Root and Kernel File Systems.
[[0;32m  OK  [0m] Started Remount Root and Kernel File Systems.
[    7.979003] systemd[1]: Starting Load/Save Random Seed...
         Starting Load/Save Random Seed...
[    8.021061] systemd[1]: Starting udev Coldplug all Devices...
         Starting udev Coldplug all Devices...
[    8.029321] systemd[1]: Started Nameserver information manager.
[[0;32m  OK  [0m] Started Nameserver information manager.
[    8.075526] systemd[1]: Started Load/Save Random Seed.
[[0;32m  OK  [0m] Started Load/Save Random Seed.
[    8.221551] systemd[1]: Started udev Coldplug all Devices.
[[0;32m  OK  [0m] Started udev Coldplug all Devices.
[    8.413623] systemd[1]: Started Set console keymap.
[[0;32m  OK  [0m] Started Set console keymap.
[    8.477626] systemd[1]: Started Journal Service.
[[0;32m  OK  [0m] Started Journal Service.
         Starting Flush Journal to Persistent Storage...
[[0;32m  OK  [0m] Started LVM2 metadata daemon.
[    8.567101] iscsi: registered transport (iser)
[[0;32m  OK  [0m] Started Load Kernel Modules.
         Starting Apply Kernel Variables...
         Mounting FUSE Control File System...
[[0;32m  OK  [0m] Mounted FUSE Control File System.
[    8.643514] systemd-journald[396]: Received request to flush runtime journal from PID 1
[[0;32m  OK  [0m] Started Flush Journal to Persistent Storage.
[[0;32m  OK  [0m] Started Create Static Device Nodes in /dev.
         Starting udev Kernel Device Manager...
[[0;32m  OK  [0m] Started Apply Kernel Variables.
[[0;32m  OK  [0m] Started Monitoring of LVM2 mirrors,...ng dmeventd or progress polling.
[[0;32m  OK  [0m] Reached target Local File Systems (Pre).
         Mounting /vagrant...
[[0;32m  OK  [0m] Reached target Local File Systems.
         Starting Tell Plymouth To Write Out Runtime Data...
         Starting Create Volatile Files and Directories...
         Starting Set console font and keymap...
         Starting Initial cloud-init job (pre-networking)...
         Starting LSB: AppArmor initialization...
         Mounting /var/www/portal...
         Mounting /var/www/advanced...
[[0;32m  OK  [0m] Started udev Kernel Device Manager.
[[0;32m  OK  [0m] Started Tell Plymouth To Write Out Runtime Data.
[[0;32m  OK  [0m] Started Create Volatile Files and Directories.
         Starting Update UTMP about System Boot/Shutdown...
[[0;32m  OK  [0m] Started Dispatch Password Requests to Console Directory Watch.
[[0;32m  OK  [0m] Started Update UTMP about System Boot/Shutdown.
[[0;32m  OK  [0m] Mounted /var/www/advanced.
[[0;32m  OK  [0m] Mounted /var/www/portal.
[[0;32m  OK  [0m] Mounted /vagrant.
[[0;32m  OK  [0m] Found device /dev/ttyS0.
[[0;32m  OK  [0m] Listening on Load/Save RF Kill Switch Status /dev/rfkill Watch.
[[0;32m  OK  [0m] Started Set console font and keymap.
[[0;32m  OK  [0m] Created slice system-getty.slice.
[[0;32m  OK  [0m] Found device 82540EM Gigabit Ethern...r (PRO/1000 MT Desktop Adapter).
[[0;32m  OK  [0m] Found device 82540EM Gigabit Ethern...r (PRO/1000 MT Desktop Adapter).
[[0;32m  OK  [0m] Started LSB: AppArmor initialization.
         Starting Load AppArmor profiles managed internally by snapd...
[[0;32m  OK  [0m] Started Load AppArmor profiles managed internally by snapd.
[   16.405944] cloud-init[503]: Cloud-init v. 20.4-0ubuntu1~16.04.2 running 'init-local' at Sat, 16 Jan 2021 22:31:36 +0000. Up 15.50 seconds.
[[0;32m  OK  [0m] Started Initial cloud-init job (pre-networking).
[[0;32m  OK  [0m] Reached target Network (Pre).
[[0;32m  OK  [0m] Started ifup for enp0s8.
         Starting Raise network interfaces...
[[0;32m  OK  [0m] Started ifup for enp0s3.
[[0;32m  OK  [0m] Started Raise network interfaces.
         Starting Initial cloud-init job (metadata service crawler)...
[[0;32m  OK  [0m] Reached target Network.
[   18.957081] cloud-init[1115]: Cloud-init v. 20.4-0ubuntu1~16.04.2 running 'init' at Sat, 16 Jan 2021 22:31:39 +0000. Up 18.17 seconds.
[   18.964887] cloud-init[1115]: ci-info: ++++++++++++++++++++++++++++++++++++++Net device info+++++++++++++++++++++++++++++++++++++++
[   18.968733] cloud-init[1115]: ci-info: +--------+------+-----------------------------+---------------+--------+-------------------+
[   18.976360] cloud-init[1115]: ci-info: | Device |  Up  |           Address           |      Mask     | Scope  |     Hw-Address    |
[   18.980373] cloud-init[1115]: ci-info: +--------+------+-----------------------------+---------------+--------+-------------------+
[   18.988694] cloud-init[1115]: ci-info: | enp0s3 | True |          10.0.2.15          | 255.255.255.0 | global | 02:91:1c:c5:d1:c2 |
[   18.991567] cloud-init[1115]: ci-info: | enp0s3 | True |  fe80::91:1cff:fec5:d1c2/64 |       .       |  link  | 02:91:1c:c5:d1:c2 |
[   18.998198] cloud-init[1115]: ci-info: | enp0s8 | True |        192.168.83.141       | 255.255.255.0 | global | 08:00:27:36:37:51 |
[   19.005076] cloud-init[1115]: ci-info: | enp0s8 | True | fe80::a00:27ff:fe36:3751/64 |       .       |  link  | 08:00:27:36:37:51 |
[   19.012414] cloud-init[1115]: ci-info: |   lo   | True |          127.0.0.1          |   255.0.0.0   |  host  |         .         |
[   19.014778] cloud-init[1115]: ci-info: |   lo   | True |           ::1/128           |       .       |  host  |         .         |
[   19.020792] cloud-init[1115]: ci-info: +--------+------+-----------------------------+---------------+--------+-------------------+
[   19.024749] cloud-init[1115]: ci-info: ++++++++++++++++++++++++++++Route IPv4 info++++++++++++++++++++++++++++
[   19.028535] cloud-init[1115]: ci-info: +-------+--------------+----------+---------------+-----------+-------+
[   19.032940] cloud-init[1115]: ci-info: | Route | Destination  | Gateway  |    Genmask    | Interface | Flags |
[   19.036778] cloud-init[1115]: ci-info: +-------+--------------+----------+---------------+-----------+-------+
[   19.040613] cloud-init[1115]: ci-info: |   0   |   0.0.0.0    | 10.0.2.2 |    0.0.0.0    |   enp0s3  |   UG  |
[   19.048716] cloud-init[1115]: ci-info: |   1   |   10.0.2.0   | 0.0.0.0  | 255.255.255.0 |   enp0s3  |   U   |
[   19.052242] cloud-init[1115]: ci-info: |   2   | 192.168.83.0 | 0.0.0.0  | 255.255.255.0 |   enp0s8  |   U   |
[   19.056869] cloud-init[1115]: ci-info: +-------+--------------+----------+---------------+-----------+-------+
[   19.073440] cloud-init[1115]: ci-info: +++++++++++++++++++Route IPv6 info+++++++++++++++++++
[   19.089896] cloud-init[1115]: ci-info: +-------+-------------+---------+-----------+-------+
[   19.102787] cloud-init[1115]: ci-info: | Route | Destination | Gateway | Interface | Flags |
[   19.110591] cloud-init[1115]: ci-info: +-------+-------------+---------+-----------+-------+
[   19.116796] cloud-init[1115]: ci-info: |   0   |  fe80::/64  |    ::   |   enp0s8  |   U   |[[0;32m  OK  [0m] Started Initial cloud-init job (metadata service crawler).
[   19.141057] cloud-init[1115]: ci-info: |   1   |  fe80::/64  |    ::   |   enp0s3  |   U   |
[   19.144120] 
[[0;32m  OK  [0m] Reached target Network is Online.
         Starting iSCSI initiator daemon (iscsid)...
[cloud-init[1115]: ci-info: |   5   |   ff00::/8  |    ::   |   enp0s8  |   U   |[0;32m  OK  [0m] Reached target Cloud-config availability.
[[0;32m  OK  [0m] Reached target System Initialization.
[   19.165759] cloud-init[1115]: ci-info: |   6   |   ff00::/8  |    ::   |   enp0s3  |   U   |
[   19.167554] cloud-init
[[0;32m  OK  [0m] Listening on D-Bus System Message Bus Socket.
[1115]: ci-info: +-------+-------------+---------+-----------+-------+
[[0;32m  OK  [0m] Started ACPI Events Check.
[[0;32m  OK  [0m] Reached target Paths.
         Starting LXD - unix socket.
[[0;32m  OK  [0m] Started Daily apt download activities.
[[0;32m  OK  [0m] Listening on UUID daemon activation socket.
[[0;32m  OK  [0m] Started Daily Cleanup of Temporary Directories.
[[0;32m  OK  [0m] Listening on ACPID Listen Socket.
[[0;32m  OK  [0m] Started Daily apt upgrade and clean activities.
         Starting Socket activation for snappy daemon.
[[0;32m  OK  [0m] Started Message of the Day.
[[0;32m  OK  [0m] Reached target Timers.
[[0;32m  OK  [0m] Listening on LXD - unix socket.
[[0;32m  OK  [0m] Listening on Socket activation for snappy daemon.
[[0;32m  OK  [0m] Reached target Sockets.
[[0;32m  OK  [0m] Reached target Basic System.
[[0;32m  OK  [0m] Started FUSE filesystem for LXC.
         Starting Login Service...
[[0;32m  OK  [0m] Started ACPI event daemon.
         Starting System Logging Service...
         Starting /etc/rc.local Compatibility...
         Starting Accounts Service...
         Starting LSB: Record successful boot for GRUB...
         Starting Snap Daemon...
[[0;32m  OK  [0m] Started D-Bus System Message Bus.
         Starting OpenBSD Secure Shell server...
[[0;32m  OK  [0m] Started Deferred execution scheduler.
[[0;32m  OK  [0m] Started Regular background program processing daemon.
         Starting vboxadd.service...
         Starting LSB: MD monitoring daemon...
         Starting LXD - container startup/shutdown...
[[0;32m  OK  [0m] Started System Logging Service.
[[0;32m  OK  [0m] Started iSCSI initiator daemon (iscsid).
[[0;32m  OK  [0m] Started /etc/rc.local Compatibility.
         Starting Login to default iSCSI targets...
[[0;32m  OK  [0m] Started Login Service.
[[0;32m  OK  [0m] Started Unattended Upgrades Shutdown.
[[0;32m  OK  [0m] Started Login to default iSCSI targets.
[[0;32m  OK  [0m] Reached target Remote File Systems (Pre).
[[0;32m  OK  [0m] Reached target Remote File Systems.
         Starting LSB: Start and stop the mysql database server daemon...
         Starting Permit User Sessions...
         Starting LSB: Set the CPU Frequency Scaling governor to "ondemand"...
         Starting LSB: automatic crash report generation...
         Starting LSB: daemon to balance interrupts for SMP systems...
         Starting LSB: Apache2 web server...
[[0;32m  OK  [0m] Started Permit User Sessions.
         Starting Hold until boot process finishes up...
         Starting Terminate Plymouth Boot Screen...
[[0;32m  OK  [0m] Started Hold until boot process finishes up.
[[0;32m  OK  [0m] Started Serial Getty on ttyS0.
         Starting Set console scheme...
[[0;32m  OK  [0m] Started Getty on tty1.
[[0;32m  OK  [0m] Reached target Login Prompts.
[[0;32m  OK  [0m] Started LSB: Record successful boot for GRUB.
[[0;32m  OK  [0m] Started Terminate Plymouth Boot Screen.
[[0;32m  OK  [0m] Started Set console scheme.
         Starting Authenticate and Authorize Users to Run Privileged Tasks...
[[0;32m  OK  [0m] Started LSB: Set the CPU Frequency Scaling governor to "ondemand".
[[0;32m  OK  [0m] Started LSB: automatic crash report generation.
[[0;32m  OK  [0m] Started LSB: daemon to balance interrupts for SMP systems.
[[0;32m  OK  [0m] Started Authenticate and Authorize Users to Run Privileged Tasks.
[[0;32m  OK  [0m] Started Accounts Service.
[[0;32m  OK  [0m] Started OpenBSD Secure Shell server.
[[0;32m  OK  [0m] Started LSB: MD monitoring daemon.
[[0;32m  OK  [0m] Started LXD - container startup/shutdown.
[[0;32m  OK  [0m] Created slice User Slice of vagrant.
         Starting User Manager for UID 1000...
[[0;32m  OK  [0m] Started Session 1 of user vagrant.
[[0;32m  OK  [0m] Started Snap Daemon.
         Starting Wait until snapd is fully seeded...
[[0;32m  OK  [0m] Started Wait until snapd is fully seeded.
         Starting Apply the settings specified in cloud-config...

Ubuntu 16.04.7 LTS webproje ttyS0

webproje login: [   27.761902] cloud-init[1424]: Cloud-init v. 20.4-0ubuntu1~16.04.2 running 'modules:config' at Sat, 16 Jan 2021 22:31:48 +0000. Up 27.10 seconds.
[   44.913985] cloud-init[2575]: Cloud-init v. 20.4-0ubuntu1~16.04.2 running 'modules:final' at Sat, 16 Jan 2021 22:32:05 +0000. Up 44.63 seconds.
[   44.916622] cloud-init[2575]: Cloud-init v. 20.4-0ubuntu1~16.04.2 finished at Sat, 16 Jan 2021 22:32:05 +0000. Datasource DataSourceNoCloud [seed=/dev/sdb][dsmode=net].  Up 44.90 seconds
[[0;32m  OK  [0m] Stopped Unattended Upgrades Shutdown.
[[0;32m  OK  [0m] Stopped target Cloud-init target.
[[0;32m  OK  [0m] Stopped Execute cloud user/final scripts.
         Unmounting /var/www/advanced...
         Stopping User Manager for UID 1000...
         Unmounting /vagrant...
         Stopping ACPI event daemon...
[[0;32m  OK  [0m] Closed Load/Save RF Kill Switch Status /dev/rfkill Watch.
         Unmounting /var/www/portal...
[[0;32m  OK  [0m] Stopped target Timers.
[[0;32m  OK  [0m] Stopped Message of the Day.
[[0;32m  OK  [0m] Stopped Daily apt upgrade and clean activities.
[[0;32m  OK  [0m] Stopped Daily apt download activities.
[[0;32m  OK  [0m] Stopped Daily Cleanup of Temporary Directories.
[[0;32m  OK  [0m] Stopped Apply the settings specified in cloud-config.
[[0;32m  OK  [0m] Stopped target Cloud-config availability.
         Stopping Session 3 of user vagrant.
         Stopping Authenticate and Authorize Users to Run Privileged Tasks...
[[0;32m  OK  [0m] Stopped target Graphical Interface.
         Stopping Accounts Service...
[[0;32m  OK  [0m] Stopped target Multi-User System.
         Stopping vboxadd-service.service...
         Stopping LSB: Set the CPU Frequency Scaling governor to "ondemand"...
         Stopping Regular background program processing daemon...
         Stopping LXD - container startup/shutdown...
         Stopping System Logging Service...
         Stopping LSB: MD monitoring daemon...
         Stopping D-Bus System Message Bus...
         Stopping OpenBSD Secure Shell server...
         Stopping FUSE filesystem for LXC...
[[0;32m  OK  [0m] Stopped Wait until snapd is fully seeded.
         Stopping LSB: automatic crash report generation...
         Stopping Deferred execution scheduler...
[[0;32m  OK  [0m] Stopped target Login Prompts.
         Stopping Serial Getty on ttyS0...
         Stopping Getty on tty1...
         Stopping LSB: Record successful boot for GRUB...
         Stopping LSB: Start and stop the mysql database server daemon...
         Stopping LSB: daemon to balance interrupts for SMP systems...
         Stopping LSB: Apache2 web server...
[[0;32m  OK  [0m] Unmounted /var/lib/lxcfs.
[[0;32m  OK  [0m] Stopped ACPI event daemon.
[[0;32m  OK  [0m] Stopped System Logging Service.
[[0;32m  OK  [0m] Stopped Accounts Service.
[[0;32m  OK  [0m] Stopped Deferred execution scheduler.
[[0;32m  OK  [0m] Stopped Regular background program processing daemon.
[[0;32m  OK  [0m] Stopped Serial Getty on ttyS0.
[[0;32m  OK  [0m] Stopped Getty on tty1.
[[0;32m  OK  [0m] Stopped Authenticate and Authorize Users to Run Privileged Tasks.
[[0;32m  OK  [0m] Stopped OpenBSD Secure Shell server.
[[0;32m  OK  [0m] Stopped User Manager for UID 1000.
[[0;32m  OK  [0m] Stopped FUSE filesystem for LXC.
[[0;32m  OK  [0m] Stopped Session 3 of user vagrant.
[[0;32m  OK  [0m] Stopped vboxadd-service.service.
[[0;32m  OK  [0m] Stopped D-Bus System Message Bus.
[[0;32m  OK  [0m] Unmounted /var/www/advanced.
[[0;32m  OK  [0m] Unmounted /vagrant.
[[0;32m  OK  [0m] Unmounted /var/www/portal.
[[0;32m  OK  [0m] Stopped LXD - container startup/shutdown.
         Stopping vboxadd.service...
[[0;32m  OK  [0m] Removed slice User Slice of vagrant.
         Stopping Login Service...
[[0;32m  OK  [0m] Removed slice system-getty.slice.
[[0;32m  OK  [0m] Stopped /etc/rc.local Compatibility.
[[0;32m  OK  [0m] Removed slice system-serial\x2dgetty.slice.
         Stopping Permit User Sessions...
[[0;32m  OK  [0m] Stopped Login Service.
[[0;32m  OK  [0m] Stopped Permit User Sessions.
[[0;32m  OK  [0m] Stopped LSB: Set the CPU Frequency Scaling governor to "ondemand".
[[0;32m  OK  [0m] Stopped LSB: Record successful boot for GRUB.
[[0;32m  OK  [0m] Stopped LSB: daemon to balance interrupts for SMP systems.
[[0;32m  OK  [0m] Stopped target User and Group Name Lookups.
[[0;32m  OK  [0m] Stopped LSB: MD monitoring daemon.
[[0;32m  OK  [0m] Stopped LSB: automatic crash report generation.
[[0;32m  OK  [0m] Stopped vboxadd.service.
[[0;32m  OK  [0m] Stopped LSB: Apache2 web server.
[[0;32m  OK  [0m] Stopped LSB: Start and stop the mysql database server daemon.
[[0;32m  OK  [0m] Stopped target System Time Synchronized.
[[0;32m  OK  [0m] Stopped target Basic System.
[[0;32m  OK  [0m] Stopped target Slices.
[[0;32m  OK  [0m] Removed slice User and Session Slice.
[[0;32m  OK  [0m] Stopped target Sockets.
[[0;32m  OK  [0m] Closed LXD - unix socket.
[[0;32m  OK  [0m] Closed ACPID Listen Socket.
[[0;32m  OK  [0m] Closed UUID daemon activation socket.
[[0;32m  OK  [0m] Closed D-Bus System Message Bus Socket.
[[0;32m  OK  [0m] Closed Socket activation for snappy daemon.
[[0;32m  OK  [0m] Closed Syslog Socket.
[[0;32m  OK  [0m] Stopped target Paths.
[[0;32m  OK  [0m] Stopped ACPI Events Check.
[[0;32m  OK  [0m] Stopped Dispatch Password Requests to Console Directory Watch.
[[0;32m  OK  [0m] Stopped Forward Password Requests to Wall Directory Watch.
[[0;32m  OK  [0m] Stopped target System Initialization.
         Stopping Load/Save Random Seed...
[[0;32m  OK  [0m] Stopped target Swap.
[[0;32m  OK  [0m] Stopped target Encrypted Volumes.
         Stopping Update UTMP about System Boot/Shutdown...
[[0;32m  OK  [0m] Stopped target Remote File Systems.
[[0;32m  OK  [0m] Stopped target Remote File Systems (Pre).
         Stopping Login to default iSCSI targets...
[[0;32m  OK  [0m] Stopped Load/Save Random Seed.
[[0;32m  OK  [0m] Stopped Update UTMP about System Boot/Shutdown.
[[0;32m  OK  [0m] Stopped Create Volatile Files and Directories.
[[0;32m  OK  [0m] Stopped Login to default iSCSI targets.
         Stopping iSCSI initiator daemon (iscsid)...
[[0;32m  OK  [0m] Stopped iSCSI initiator daemon (iscsid).
[[0;32m  OK  [0m] Stopped target Network is Online.
[[0;32m  OK  [0m] Stopped Initial cloud-init job (metadata service crawler).
[[0;32m  OK  [0m] Stopped target Network.
         Stopping Raise network interfaces...
[[0;32m  OK  [0m] Stopped Raise network interfaces.
[[0;32m  OK  [0m] Stopped Apply Kernel Variables.
[[0;32m  OK  [0m] Stopped target Local File Systems.
         Unmounting /run/user/1000...
[[0;32m  OK  [0m] Stopped Load Kernel Modules.
[[0;32m  OK  [0m] Stopped target Network (Pre).
[[0;32m  OK  [0m] Stopped Initial cloud-init job (pre-networking).
[[0;32m  OK  [0m] Unmounted /run/user/1000.
[[0;32m  OK  [0m] Reached target Unmount All Filesystems.
[[0;32m  OK  [0m] Stopped target Local File Systems (Pre).
[[0;32m  OK  [0m] Stopped Remount Root and Kernel File Systems.
         Stopping Monitoring of LVM2 mirrors... dmeventd or progress polling...
[[0;32m  OK  [0m] Stopped Create Static Device Nodes in /dev.
[[0;32m  OK  [0m] Reached target Shutdown.
[  744.755183] reboot: Power down
